<?xml version="1.0" encoding="utf-8"?><testsuites name="pytest tests"><testsuite name="pytest" errors="0" failures="0" skipped="0" tests="23" time="3.680" timestamp="2026-07-14T00:43:18.433260+00:00" hostname="agent-env-fa4ccdb8-d0fb-4abe-b97f-7b5f8f54e447"><testcase classname="backend.tests.test_audit_launch_readiness.TestOwnerMagicLink" name="test_magic_link_sets_session_cookie_and_302s" time="0.332" /><testcase classname="backend.tests.test_audit_launch_readiness.TestOwnerMagicLink" name="test_magic_link_rejects_bad_key" time="0.120" /><testcase classname="backend.tests.test_audit_launch_readiness.TestOwnerMagicLink" name="test_session_cookie_allows_subsequent_api_calls" time="0.155" /><testcase classname="backend.tests.test_audit_launch_readiness.TestFeedProgramState" name="test_state_roundtrip_byte_identical" time="0.182" /><testcase classname="backend.tests.test_audit_launch_readiness.TestFeedProgramState" name="test_guard_blocks_massive_shrink_returns_409" time="0.051" /><testcase classname="backend.tests.test_audit_launch_readiness.TestFeedProgramState" name="test_guard_bypassed_with_force_overwrite" time="0.098" /><testcase classname="backend.tests.test_audit_launch_readiness.TestCloudRewind" name="test_history_list_omits_blob" time="0.512" /><testcase classname="backend.tests.test_audit_launch_readiness.TestCloudRewind" name="test_history_full_blob_get" time="0.116" /><testcase classname="backend.tests.test_audit_launch_readiness.TestCloudRewind" name="test_restore_replaces_state_and_writes_backup" time="0.203" /><testcase classname="backend.tests.test_audit_launch_readiness.TestEobPreview" name="test_preview_sample_contains_all_required_strings" time="0.052" /><testcase classname="backend.tests.test_audit_launch_readiness.TestEobPreview" name="test_preview_sample_contains_kpi_numbers" time="0.051" /><testcase classname="backend.tests.test_audit_launch_readiness.TestEobPreview" name="test_preview_sample_has_feed_summary_block" time="0.054" /><testcase classname="backend.tests.test_audit_launch_readiness.TestDeliveries" name="test_list_deliveries_returns_list" time="0.048" /><testcase classname="backend.tests.test_audit_launch_readiness.TestDeliveries" name="test_create_then_delete_delivery" time="0.223" /><testcase classname="backend.tests.test_audit_launch_readiness.TestFarmBuddyAlerts" name="test_alerts_returns_valid_shape" time="0.242" /><testcase classname="backend.tests.test_audit_launch_readiness.TestFarmBuddyAlerts" name="test_no_phantom_empty_shed_pins" time="0.054" /><testcase classname="backend.tests.test_audit_launch_readiness.TestWwwApexRedirect" name="test_www_host_returns_301_to_apex" time="0.061" /><testcase classname="backend.tests.test_audit_launch_readiness.TestReadings" name="test_readings_today_returns_shape" time="0.052" /><testcase classname="backend.tests.test_audit_launch_readiness.TestReadings" name="test_readings_batch_requires_readings" time="0.053" /><testcase classname="backend.tests.test_audit_launch_readiness.TestStripeCheckout" name="test_checkout_returns_url" time="0.622" /><testcase classname="backend.tests.test_audit_launch_readiness.TestStripeCheckout" name="test_checkout_rejects_invalid_package" time="0.053" /><testcase classname="backend.tests.test_audit_launch_readiness.TestGuardBoundary" name="test_shrink_to_71pct_passes" time="0.131" /><testcase classname="backend.tests.test_audit_launch_readiness.TestGuardBoundary" name="test_shrink_to_50pct_blocked" time="0.111" /></testsuite></testsuites>