<?xml version="1.0" encoding="utf-8"?><testsuites name="pytest tests"><testsuite name="pytest" errors="0" failures="1" skipped="0" tests="41" time="12.856" timestamp="2026-07-14T00:39:01.087373+00:00" hostname="agent-env-fa4ccdb8-d0fb-4abe-b97f-7b5f8f54e447"><testcase classname="backend.tests.test_eob_email_completeness" name="test_eob_email_renders_all_processor_metrics" time="0.000" /><testcase classname="backend.tests.test_eob_email_completeness" name="test_eob_missing_metrics_render_as_dash" time="0.000" /><testcase classname="backend.tests.test_eob_pdf_attachment" name="test_eob_pdf_renders_from_html" time="1.684" /><testcase classname="backend.tests.test_eob_pdf_attachment" name="test_eob_pdf_handles_empty_report" time="0.631" /><testcase classname="backend.tests.test_feed_program_edge_cases" name="test_put_20pct_shrink_allowed" time="0.326" /><testcase classname="backend.tests.test_feed_program_edge_cases" name="test_put_29pct_shrink_allowed_near_boundary" time="0.092" /><testcase classname="backend.tests.test_feed_program_edge_cases" name="test_put_31pct_shrink_blocked_near_boundary" time="0.093" /><testcase classname="backend.tests.test_feed_program_edge_cases" name="test_force_overwrite_persists_tiny_state" time="0.135" /><testcase classname="backend.tests.test_feed_program_edge_cases" name="test_tiny_farm_below_500_bytes_unguarded" time="0.112" /><testcase classname="backend.tests.test_feed_program_edge_cases" name="test_history_metadata_shape" time="0.155" /><testcase classname="backend.tests.test_feed_program_edge_cases" name="test_get_history_item_returns_full_blob" time="0.359" /><testcase classname="backend.tests.test_feed_program_edge_cases" name="test_history_pruned_to_30" time="1.669" /><testcase classname="backend.tests.test_feed_program_edge_cases" name="test_regression_farm_buddy_no_phantom_alerts" time="0.055" /><testcase classname="backend.tests.test_feed_program_edge_cases" name="test_regression_www_to_apex_301_redirect" time="0.014" /><testcase classname="backend.tests.test_feed_program_history" name="test_state_roundtrip_preserves_full_payload" time="0.160" /><testcase classname="backend.tests.test_feed_program_history" name="test_corruption_guard_blocks_massive_shrink" time="0.142" /><testcase classname="backend.tests.test_feed_program_history" name="test_corruption_guard_allows_normal_edits" time="0.097" /><testcase classname="backend.tests.test_feed_program_history" name="test_corruption_guard_bypasses_with_force_flag" time="0.146" /><testcase classname="backend.tests.test_feed_program_history" name="test_corruption_guard_off_for_new_farms" time="0.046" /><testcase classname="backend.tests.test_feed_program_history" name="test_cloud_rewind_history_and_restore_flow" time="0.347" /><testcase classname="backend.tests.test_feed_program_history" name="test_restore_missing_snapshot_returns_404" time="0.047" /><testcase classname="backend.tests.test_feed_program_history" name="test_get_missing_snapshot_returns_404" time="0.044" /><testcase classname="backend.tests.test_phantom_sheds_and_www_redirect.TestPhantomShedSuppression" name="test_default_farm_reports_zero_empty_groups_when_all_enabled" time="0.357" /><testcase classname="backend.tests.test_phantom_sheds_and_www_redirect.TestPhantomShedSuppression" name="test_disabling_phantom_shed_produces_no_alert" time="0.130" /><testcase classname="backend.tests.test_phantom_sheds_and_www_redirect.TestPhantomShedSuppression" name="test_disabling_real_shed_with_history_produces_empty_alert" time="0.084" /><testcase classname="backend.tests.test_phantom_sheds_and_www_redirect.TestPhantomShedSuppression" name="test_critical_alert_still_fires_on_low_feed" time="0.125" /><testcase classname="backend.tests.test_phantom_sheds_and_www_redirect.TestPhantomShedSuppression" name="test_phantom_shed_excluded_from_alert_shed_ids" time="0.083" /><testcase classname="backend.tests.test_phantom_sheds_and_www_redirect.TestWwwToApexRedirect" name="test_www_root_redirects_to_apex" time="0.002" /><testcase classname="backend.tests.test_phantom_sheds_and_www_redirect.TestWwwToApexRedirect" name="test_www_deep_path_redirects_preserving_path" time="0.002" /><testcase classname="backend.tests.test_phantom_sheds_and_www_redirect.TestWwwToApexRedirect" name="test_www_preserves_query_string" time="0.001" /><testcase classname="backend.tests.test_phantom_sheds_and_www_redirect.TestWwwToApexRedirect" name="test_www_case_insensitive_host" time="0.001" /><testcase classname="backend.tests.test_phantom_sheds_and_www_redirect.TestWwwToApexRedirect" name="test_www_subdomain_of_any_apex_redirects" time="0.001" /><testcase classname="backend.tests.test_phantom_sheds_and_www_redirect.TestWwwToApexRedirect" name="test_non_www_host_passes_through" time="0.004" /><testcase classname="backend.tests.test_phantom_sheds_and_www_redirect.TestWwwToApexRedirect" name="test_preview_url_passes_through" time="0.112" /><testcase classname="backend.tests.test_phantom_sheds_and_www_redirect.TestWwwToApexRedirect" name="test_www_redirect_is_reachable_via_public_url" time="0.111" /><testcase classname="backend.tests.test_sync_and_alerts.TestReadingsSyncChain" name="test_post_reading_and_today_returns_saved" time="0.352" /><testcase classname="backend.tests.test_sync_and_alerts.TestReadingsSyncChain" name="test_today_filters_to_today_only" time="0.108"><failure message="AssertionError: Yesterday's reading leaked into today: {'siloId': '0121a7bc-280c-4167-b1fc-f8947acbf58a', 'letter': 'B', 'name': 'Silo B', 'saved': True, 'readingId': '169d055f-9684-4270-95ce-11a2a8587ba3', 'amountRemaining': 1.0, 'feedType': 'Broiler Grower', 'unit': 't'}&#10;assert True is False">backend/tests/test_sync_and_alerts.py:115: in test_today_filters_to_today_only
    assert sil["saved"] is False, f"Yesterday's reading leaked into today: {sil}"
E   AssertionError: Yesterday's reading leaked into today: {'siloId': '0121a7bc-280c-4167-b1fc-f8947acbf58a', 'letter': 'B', 'name': 'Silo B', 'saved': True, 'readingId': '169d055f-9684-4270-95ce-11a2a8587ba3', 'amountRemaining': 1.0, 'feedType': 'Broiler Grower', 'unit': 't'}
E   assert True is False</failure></testcase><testcase classname="backend.tests.test_sync_and_alerts.TestFarmBuddyAlerts" name="test_alerts_shape" time="0.054" /><testcase classname="backend.tests.test_sync_and_alerts.TestFarmBuddyAlerts" name="test_critical_alert_after_3t_reading" time="0.116" /><testcase classname="backend.tests.test_sync_and_alerts.TestFarmBuddyRecommend" name="test_recommend_accepts_new_shed_snapshot_fields" time="4.186" /><testcase classname="backend.tests.test_sync_and_alerts.TestFeedProgramState" name="test_state_round_trip" time="0.126" /></testsuite></testsuites>