<?xml version="1.0" encoding="utf-8"?><testsuites name="pytest tests"><testsuite name="pytest" errors="0" failures="0" skipped="0" tests="6" time="7.498" timestamp="2026-09-03T09:39:09.398773+00:00" hostname="agent-env-fa4ccdb8-d0fb-4abe-b97f-7b5f8f54e447"><testcase classname="tests.test_batch_accuracy.TestBatchAccuracyEndpoint" name="test_requires_auth" time="0.293" /><testcase classname="tests.test_batch_accuracy.TestBatchAccuracyEndpoint" name="test_returns_list" time="0.279" /><testcase classname="tests.test_batch_accuracy.TestBatchAccuracyEndpoint" name="test_lock_with_prediction_then_accuracy" time="4.206" /><testcase classname="tests.test_batch_accuracy.TestBatchAccuracyEndpoint" name="test_lock_without_prediction_yields_null_predicted" time="2.309" /><testcase classname="tests.test_batch_accuracy.TestBatchAccuracyEndpoint" name="test_farm_isolation" time="0.074" /><testcase classname="tests.test_batch_accuracy.TestBatchAccuracyEndpoint" name="test_unknown_farm" time="0.136" /></testsuite></testsuites>