<?xml version="1.0" encoding="utf-8"?><testsuites name="pytest tests"><testsuite name="pytest" errors="0" failures="0" skipped="0" tests="8" time="1.187" timestamp="2026-07-06T23:17:57.422807+00:00" hostname="agent-env-fa4ccdb8-d0fb-4abe-b97f-7b5f8f54e447"><testcase classname="backend.tests.test_feed_program_history" name="test_state_roundtrip_preserves_full_payload" time="0.267" /><testcase classname="backend.tests.test_feed_program_history" name="test_corruption_guard_blocks_massive_shrink" time="0.149" /><testcase classname="backend.tests.test_feed_program_history" name="test_corruption_guard_allows_normal_edits" time="0.096" /><testcase classname="backend.tests.test_feed_program_history" name="test_corruption_guard_bypasses_with_force_flag" time="0.147" /><testcase classname="backend.tests.test_feed_program_history" name="test_corruption_guard_off_for_new_farms" time="0.047" /><testcase classname="backend.tests.test_feed_program_history" name="test_cloud_rewind_history_and_restore_flow" time="0.331" /><testcase classname="backend.tests.test_feed_program_history" name="test_restore_missing_snapshot_returns_404" time="0.048" /><testcase classname="backend.tests.test_feed_program_history" name="test_get_missing_snapshot_returns_404" time="0.045" /></testsuite></testsuites>