<?xml version="1.0" encoding="utf-8"?><testsuites name="pytest tests"><testsuite name="pytest" errors="0" failures="0" skipped="0" tests="18" time="4.216" timestamp="2026-07-06T23:18:50.660740+00:00" hostname="agent-env-fa4ccdb8-d0fb-4abe-b97f-7b5f8f54e447"><testcase classname="backend.tests.test_feed_program_edge_cases" name="test_put_20pct_shrink_allowed" time="0.362" /><testcase classname="backend.tests.test_feed_program_edge_cases" name="test_put_29pct_shrink_allowed_near_boundary" time="0.122" /><testcase classname="backend.tests.test_feed_program_edge_cases" name="test_put_31pct_shrink_blocked_near_boundary" time="0.105" /><testcase classname="backend.tests.test_feed_program_edge_cases" name="test_force_overwrite_persists_tiny_state" time="0.162" /><testcase classname="backend.tests.test_feed_program_edge_cases" name="test_tiny_farm_below_500_bytes_unguarded" time="0.097" /><testcase classname="backend.tests.test_feed_program_edge_cases" name="test_history_metadata_shape" time="0.171" /><testcase classname="backend.tests.test_feed_program_edge_cases" name="test_get_history_item_returns_full_blob" time="0.210" /><testcase classname="backend.tests.test_feed_program_edge_cases" name="test_history_pruned_to_30" time="1.829" /><testcase classname="backend.tests.test_feed_program_edge_cases" name="test_regression_farm_buddy_no_phantom_alerts" time="0.093" /><testcase classname="backend.tests.test_feed_program_edge_cases" name="test_regression_www_to_apex_301_redirect" time="0.012" /><testcase classname="backend.tests.test_feed_program_history" name="test_state_roundtrip_preserves_full_payload" time="0.141" /><testcase classname="backend.tests.test_feed_program_history" name="test_corruption_guard_blocks_massive_shrink" time="0.144" /><testcase classname="backend.tests.test_feed_program_history" name="test_corruption_guard_allows_normal_edits" time="0.086" /><testcase classname="backend.tests.test_feed_program_history" name="test_corruption_guard_bypasses_with_force_flag" time="0.150" /><testcase classname="backend.tests.test_feed_program_history" name="test_corruption_guard_off_for_new_farms" time="0.046" /><testcase classname="backend.tests.test_feed_program_history" name="test_cloud_rewind_history_and_restore_flow" time="0.309" /><testcase classname="backend.tests.test_feed_program_history" name="test_restore_missing_snapshot_returns_404" time="0.051" /><testcase classname="backend.tests.test_feed_program_history" name="test_get_missing_snapshot_returns_404" time="0.044" /></testsuite></testsuites>