<?xml version="1.0" encoding="utf-8"?><testsuites name="pytest tests"><testsuite name="pytest" errors="0" failures="0" skipped="0" tests="6" time="1.147" timestamp="2026-09-18T08:50:42.816683+00:00" hostname="agent-env-fa4ccdb8-d0fb-4abe-b97f-7b5f8f54e447"><testcase classname="backend.tests.test_feedprogram_and_ops_mortality.TestFeedProgramState" name="test_put_and_get_state" time="0.347" /><testcase classname="backend.tests.test_feedprogram_and_ops_mortality.TestFeedProgramState" name="test_keepalive_style_second_save" time="0.132" /><testcase classname="backend.tests.test_feedprogram_and_ops_mortality.TestFeedProgramState" name="test_corruption_guard_409" time="0.191" /><testcase classname="backend.tests.test_feedprogram_and_ops_mortality.TestMortsIntegration" name="test_seed_and_read_morts" time="0.125" /><testcase classname="backend.tests.test_feedprogram_and_ops_mortality.TestOpsDashboardHTML" name="test_dashboard_has_mortality_markup" time="0.007" /><testcase classname="backend.tests.test_feedprogram_and_ops_mortality.TestFeedProgramBundle" name="test_feed_program_bundle_has_banner_testids" time="0.275" /></testsuite></testsuites>