<?xml version="1.0" encoding="utf-8"?><testsuites name="pytest tests"><testsuite name="pytest" errors="0" failures="0" skipped="0" tests="10" time="1.492" timestamp="2026-09-21T23:05:08.444366+00:00" hostname="agent-env-fa4ccdb8-d0fb-4abe-b97f-7b5f8f54e447"><testcase classname="backend.tests.test_mort_shed_assignments" name="test_get_requires_farm_access_denied_without_token" time="0.180" /><testcase classname="backend.tests.test_mort_shed_assignments" name="test_get_with_token_ok" time="0.186" /><testcase classname="backend.tests.test_mort_shed_assignments" name="test_put_persists_and_get_reads_back_same_day" time="0.167" /><testcase classname="backend.tests.test_mort_shed_assignments" name="test_put_strips_and_drops_empty_values" time="0.080" /><testcase classname="backend.tests.test_mort_shed_assignments" name="test_put_truncates_long_names_to_60" time="0.078" /><testcase classname="backend.tests.test_mort_shed_assignments" name="test_put_overwrite_replaces_previous_day" time="0.267" /><testcase classname="backend.tests.test_mort_shed_assignments" name="test_put_empty_object_clears" time="0.161" /><testcase classname="backend.tests.test_mort_shed_assignments" name="test_put_requires_auth" time="0.076" /><testcase classname="backend.tests.test_mort_shed_assignments" name="test_put_rejects_bad_payload" time="0.069" /><testcase classname="backend.tests.test_mort_shed_assignments" name="test_morts_post_still_works" time="0.154" /></testsuite></testsuites>