<?xml version="1.0" encoding="utf-8"?><testsuites name="pytest tests"><testsuite name="pytest" errors="0" failures="0" skipped="0" tests="12" time="2.398" timestamp="2026-09-08T02:26:23.566439+00:00" hostname="agent-env-fa4ccdb8-d0fb-4abe-b97f-7b5f8f54e447"><testcase classname="backend.tests.test_morts_staff_qr.TestStaticPage" name="test_morts_entry_page_served" time="0.447" /><testcase classname="backend.tests.test_morts_staff_qr.TestStaticPage" name="test_morts_entry_page_no_slash" time="0.123" /><testcase classname="backend.tests.test_morts_staff_qr.TestAuthGates" name="test_farm_token_requires_session_no_auth" time="0.124" /><testcase classname="backend.tests.test_morts_staff_qr.TestAuthGates" name="test_farm_token_rejects_farm_token_query" time="0.119" /><testcase classname="backend.tests.test_morts_staff_qr.TestAuthGates" name="test_integrations_morts_get_requires_auth" time="0.121" /><testcase classname="backend.tests.test_morts_staff_qr.TestAuthGates" name="test_integrations_morts_post_requires_auth" time="0.106" /><testcase classname="backend.tests.test_morts_staff_qr.TestAuthGates" name="test_integrations_morts_bad_token" time="0.108" /><testcase classname="backend.tests.test_morts_staff_qr.TestExternalMortsRoundTrip" name="test_push_then_get_with_token" time="0.286" /><testcase classname="backend.tests.test_morts_staff_qr.TestExternalMortsRoundTrip" name="test_push_idempotent_upsert" time="0.310" /><testcase classname="backend.tests.test_morts_staff_qr.TestExternalMortsRoundTrip" name="test_push_rejects_empty_batch" time="0.133" /><testcase classname="backend.tests.test_morts_staff_qr.TestFarmConfigForStaffPage" name="test_farm_config_with_token" time="0.170" /><testcase classname="backend.tests.test_morts_staff_qr.TestFarmConfigForStaffPage" name="test_farm_config_bad_token_is_401" time="0.275" /></testsuite></testsuites>