<?xml version="1.0" encoding="utf-8"?><testsuites name="pytest tests"><testsuite name="pytest" errors="0" failures="1" skipped="0" tests="7" time="51.569" timestamp="2026-09-22T02:14:36.366736+00:00" hostname="agent-env-fa4ccdb8-d0fb-4abe-b97f-7b5f8f54e447"><testcase classname="backend.tests.test_mtec_reconcile.TestMtecScan" name="test_non_pdf_rejected" time="0.346" /><testcase classname="backend.tests.test_mtec_reconcile.TestMtecScan" name="test_scan_returns_12_sheds_and_dates" time="48.321"><failure message="AssertionError: assert None == '2026-09-07'&#10; +  where None = &lt;built-in method get of dict object at 0xfa839d2ef5c0&gt;('startDate')&#10; +    where &lt;built-in method get of dict object at 0xfa839d2ef5c0&gt; = {'dateRange': ['2026-09-07', '2026-09-21'], 'sheds': [{'bbmTotal': 0, 'matches': False, 'mismatchDays': [{'bbmCulls': 0, 'bbmMorts': 0, 'date': '2026-09-07', 'mtecCulls': 0, ...}, {'bbmCulls': 0, 'bbmMorts': 0, 'date': '2026-09-08', 'mtecCulls': 30, ...}, {'bbmCulls': 0, 'bbmMorts': 0, 'date': '2026-09-09', 'mtecCulls': 50, ...}, {'bbmCulls': 0, 'bbmMorts': 0, 'date': '2026-09-10', 'mtecCulls': 40, ...}, {'bbmCulls': 0, 'bbmMorts': 0, 'date': '2026-09-11', 'mtecCulls': 30, ...}, {'bbmCulls': 0, 'bbmMorts': 0, 'date': '2026-09-12', 'mtecCulls': 30, ...}, ...], 'mtecTotal': 673, ...}, {'bbmTotal': 0, 'matches': False, 'mismatchDays': [{'bbmCulls': 0, 'bbmMorts': 0, 'date': '2026-09-07', 'mtecCulls': 0, ...}, {'bbmCulls': 0, 'bbmMorts': 0, 'date': '2026-09-08', 'mtecCulls': 30, ...}, {'bbmCulls': 0, 'bbmMorts': 0, 'date': '2026-09-09', 'mtecCulls': 40, ...}, {'bbmCulls': 0, 'bbmMorts': 0, 'date': '2026-09-10', 'mtecCulls': 35, ...}, {'bbmCulls': 0, 'bbmMorts': 0, 'date': '2026-09-11', 'mtecCulls': 30, ...}, {'bbmCulls': 0, 'bbmMorts': 0, 'date': '2026-09-12', 'mtecCulls': 25, ...}, ...], 'mtecTotal': 662, ...}, {'bbmTotal': 0, 'matches': False, 'mismatchDays': [{'bbmCulls': 0, 'bbmM...bbmCulls': 0, 'bbmMorts': 0, 'date': '2026-09-13', 'mtecCulls': 25, ...}, ...], 'mtecTotal': 626, ...}, {'bbmTotal': 0, 'matches': False, 'mismatchDays': [{'bbmCulls': 0, 'bbmMorts': 0, 'date': '2026-09-08', 'mtecCulls': 0, ...}, {'bbmCulls': 0, 'bbmMorts': 0, 'date': '2026-09-09', 'mtecCulls': 30, ...}, {'bbmCulls': 0, 'bbmMorts': 0, 'date': '2026-09-10', 'mtecCulls': 20, ...}, {'bbmCulls': 0, 'bbmMorts': 0, 'date': '2026-09-11', 'mtecCulls': 40, ...}, {'bbmCulls': 0, 'bbmMorts': 0, 'date': '2026-09-12', 'mtecCulls': 30, ...}, {'bbmCulls': 0, 'bbmMorts': 0, 'date': '2026-09-13', 'mtecCulls': 30, ...}, ...], 'mtecTotal': 588, ...}, {'bbmTotal': 0, 'matches': False, 'mismatchDays': [{'bbmCulls': 0, 'bbmMorts': 0, 'date': '2026-09-08', 'mtecCulls': 0, ...}, {'bbmCulls': 0, 'bbmMorts': 0, 'date': '2026-09-09', 'mtecCulls': 35, ...}, {'bbmCulls': 0, 'bbmMorts': 0, 'date': '2026-09-10', 'mtecCulls': 20, ...}, {'bbmCulls': 0, 'bbmMorts': 0, 'date': '2026-09-11', 'mtecCulls': 50, ...}, {'bbmCulls': 0, 'bbmMorts': 0, 'date': '2026-09-12', 'mtecCulls': 25, ...}, {'bbmCulls': 0, 'bbmMorts': 0, 'date': '2026-09-14', 'mtecCulls': 25, ...}, ...], 'mtecTotal': 618, ...}, ...], 'status': 'done'}.get">backend/tests/test_mtec_reconcile.py:82: in test_scan_returns_12_sheds_and_dates
    assert scan_result.get("startDate") == "2026-09-07"
E   AssertionError: assert None == '2026-09-07'
E    +  where None = &lt;built-in method get of dict object at 0xfa839d2ef5c0&gt;('startDate')
E    +    where &lt;built-in method get of dict object at 0xfa839d2ef5c0&gt; = {'dateRange': ['2026-09-07', '2026-09-21'], 'sheds': [{'bbmTotal': 0, 'matches': False, 'mismatchDays': [{'bbmCulls': 0, 'bbmMorts': 0, 'date': '2026-09-07', 'mtecCulls': 0, ...}, {'bbmCulls': 0, 'bbmMorts': 0, 'date': '2026-09-08', 'mtecCulls': 30, ...}, {'bbmCulls': 0, 'bbmMorts': 0, 'date': '2026-09-09', 'mtecCulls': 50, ...}, {'bbmCulls': 0, 'bbmMorts': 0, 'date': '2026-09-10', 'mtecCulls': 40, ...}, {'bbmCulls': 0, 'bbmMorts': 0, 'date': '2026-09-11', 'mtecCulls': 30, ...}, {'bbmCulls': 0, 'bbmMorts': 0, 'date': '2026-09-12', 'mtecCulls': 30, ...}, ...], 'mtecTotal': 673, ...}, {'bbmTotal': 0, 'matches': False, 'mismatchDays': [{'bbmCulls': 0, 'bbmMorts': 0, 'date': '2026-09-07', 'mtecCulls': 0, ...}, {'bbmCulls': 0, 'bbmMorts': 0, 'date': '2026-09-08', 'mtecCulls': 30, ...}, {'bbmCulls': 0, 'bbmMorts': 0, 'date': '2026-09-09', 'mtecCulls': 40, ...}, {'bbmCulls': 0, 'bbmMorts': 0, 'date': '2026-09-10', 'mtecCulls': 35, ...}, {'bbmCulls': 0, 'bbmMorts': 0, 'date': '2026-09-11', 'mtecCulls': 30, ...}, {'bbmCulls': 0, 'bbmMorts': 0, 'date': '2026-09-12', 'mtecCulls': 25, ...}, ...], 'mtecTotal': 662, ...}, {'bbmTotal': 0, 'matches': False, 'mismatchDays': [{'bbmCulls': 0, 'bbmM...bbmCulls': 0, 'bbmMorts': 0, 'date': '2026-09-13', 'mtecCulls': 25, ...}, ...], 'mtecTotal': 626, ...}, {'bbmTotal': 0, 'matches': False, 'mismatchDays': [{'bbmCulls': 0, 'bbmMorts': 0, 'date': '2026-09-08', 'mtecCulls': 0, ...}, {'bbmCulls': 0, 'bbmMorts': 0, 'date': '2026-09-09', 'mtecCulls': 30, ...}, {'bbmCulls': 0, 'bbmMorts': 0, 'date': '2026-09-10', 'mtecCulls': 20, ...}, {'bbmCulls': 0, 'bbmMorts': 0, 'date': '2026-09-11', 'mtecCulls': 40, ...}, {'bbmCulls': 0, 'bbmMorts': 0, 'date': '2026-09-12', 'mtecCulls': 30, ...}, {'bbmCulls': 0, 'bbmMorts': 0, 'date': '2026-09-13', 'mtecCulls': 30, ...}, ...], 'mtecTotal': 588, ...}, {'bbmTotal': 0, 'matches': False, 'mismatchDays': [{'bbmCulls': 0, 'bbmMorts': 0, 'date': '2026-09-08', 'mtecCulls': 0, ...}, {'bbmCulls': 0, 'bbmMorts': 0, 'date': '2026-09-09', 'mtecCulls': 35, ...}, {'bbmCulls': 0, 'bbmMorts': 0, 'date': '2026-09-10', 'mtecCulls': 20, ...}, {'bbmCulls': 0, 'bbmMorts': 0, 'date': '2026-09-11', 'mtecCulls': 50, ...}, {'bbmCulls': 0, 'bbmMorts': 0, 'date': '2026-09-12', 'mtecCulls': 25, ...}, {'bbmCulls': 0, 'bbmMorts': 0, 'date': '2026-09-14', 'mtecCulls': 25, ...}, ...], 'mtecTotal': 618, ...}, ...], 'status': 'done'}.get</failure></testcase><testcase classname="backend.tests.test_mtec_reconcile.TestMtecScan" name="test_all_sheds_mismatched_bbm_zero" time="0.000" /><testcase classname="backend.tests.test_mtec_reconcile.TestMtecScan" name="test_shed1_total_matches_known_value" time="0.000" /><testcase classname="backend.tests.test_mtec_reconcile.TestFixOverwriteDown" name="test_fix_overwrites_inflated_value_downward" time="0.530" /><testcase classname="backend.tests.test_mtec_reconcile.TestFixOverwriteDown" name="test_get_returns_mtec_reconcile_source" time="0.115" /><testcase classname="backend.tests.test_mtec_reconcile" name="test_zzz_cleanup" time="2.147" /></testsuite></testsuites>