<?xml version="1.0" encoding="utf-8"?><testsuites name="pytest tests"><testsuite name="pytest" errors="0" failures="0" skipped="0" tests="13" time="1.207" timestamp="2026-07-02T09:40:18.570146+00:00" hostname="agent-env-fa4ccdb8-d0fb-4abe-b97f-7b5f8f54e447"><testcase classname="backend.tests.test_phantom_sheds_and_www_redirect.TestPhantomShedSuppression" name="test_default_farm_reports_zero_empty_groups_when_all_enabled" time="0.481" /><testcase classname="backend.tests.test_phantom_sheds_and_www_redirect.TestPhantomShedSuppression" name="test_disabling_phantom_shed_produces_no_alert" time="0.123" /><testcase classname="backend.tests.test_phantom_sheds_and_www_redirect.TestPhantomShedSuppression" name="test_disabling_real_shed_with_history_produces_empty_alert" time="0.083" /><testcase classname="backend.tests.test_phantom_sheds_and_www_redirect.TestPhantomShedSuppression" name="test_critical_alert_still_fires_on_low_feed" time="0.138" /><testcase classname="backend.tests.test_phantom_sheds_and_www_redirect.TestPhantomShedSuppression" name="test_phantom_shed_excluded_from_alert_shed_ids" time="0.084" /><testcase classname="backend.tests.test_phantom_sheds_and_www_redirect.TestWwwToApexRedirect" name="test_www_root_redirects_to_apex" time="0.002" /><testcase classname="backend.tests.test_phantom_sheds_and_www_redirect.TestWwwToApexRedirect" name="test_www_deep_path_redirects_preserving_path" time="0.002" /><testcase classname="backend.tests.test_phantom_sheds_and_www_redirect.TestWwwToApexRedirect" name="test_www_preserves_query_string" time="0.001" /><testcase classname="backend.tests.test_phantom_sheds_and_www_redirect.TestWwwToApexRedirect" name="test_www_case_insensitive_host" time="0.001" /><testcase classname="backend.tests.test_phantom_sheds_and_www_redirect.TestWwwToApexRedirect" name="test_www_subdomain_of_any_apex_redirects" time="0.001" /><testcase classname="backend.tests.test_phantom_sheds_and_www_redirect.TestWwwToApexRedirect" name="test_non_www_host_passes_through" time="0.004" /><testcase classname="backend.tests.test_phantom_sheds_and_www_redirect.TestWwwToApexRedirect" name="test_preview_url_passes_through" time="0.094" /><testcase classname="backend.tests.test_phantom_sheds_and_www_redirect.TestWwwToApexRedirect" name="test_www_redirect_is_reachable_via_public_url" time="0.103" /></testsuite></testsuites>