<?xml version="1.0" encoding="utf-8"?><testsuites name="pytest tests"><testsuite name="pytest" errors="0" failures="0" skipped="0" tests="17" time="4.979" timestamp="2026-09-03T12:24:15.609143+00:00" hostname="agent-env-fa4ccdb8-d0fb-4abe-b97f-7b5f8f54e447"><testcase classname="tests.test_locked_batches_archive.TestListLockedBatches" name="test_list_with_farm_token" time="0.332" /><testcase classname="tests.test_locked_batches_archive.TestListLockedBatches" name="test_list_with_owner_session" time="0.388" /><testcase classname="tests.test_locked_batches_archive.TestListLockedBatches" name="test_list_requires_auth" time="0.075" /><testcase classname="tests.test_locked_batches_archive.TestListLockedBatches" name="test_list_rejects_bad_token" time="0.087" /><testcase classname="tests.test_locked_batches_archive.TestListLockedBatches" name="test_foreign_token_cannot_read_other_farm" time="0.072" /><testcase classname="tests.test_locked_batches_archive.TestListLockedBatches" name="test_other_farm_has_no_locked_batches" time="0.088" /><testcase classname="tests.test_locked_batches_archive.TestGetLockedBatch" name="test_detail_with_token" time="0.104" /><testcase classname="tests.test_locked_batches_archive.TestGetLockedBatch" name="test_detail_requires_auth" time="0.077" /><testcase classname="tests.test_locked_batches_archive.TestGetLockedBatch" name="test_detail_wrong_farm_404" time="0.078" /><testcase classname="tests.test_locked_batches_archive.TestLockedBatchPdf" name="test_pdf_with_token" time="0.076" /><testcase classname="tests.test_locked_batches_archive.TestLockedBatchPdf" name="test_pdf_requires_auth" time="0.086" /><testcase classname="tests.test_locked_batches_archive.TestLockedBatchPdf" name="test_pdf_bad_id_404" time="0.099" /><testcase classname="tests.test_locked_batches_archive.TestLockedBatchPdf" name="test_pdf_foreign_farm_blocked" time="0.075" /><testcase classname="tests.test_locked_batches_archive.TestLockedBatchResend" name="test_resend_requires_auth" time="0.100" /><testcase classname="tests.test_locked_batches_archive.TestLockedBatchResend" name="test_resend_bad_token" time="0.086" /><testcase classname="tests.test_locked_batches_archive.TestLockedBatchResend" name="test_resend_bad_id_404" time="0.083" /><testcase classname="tests.test_locked_batches_archive.TestLockedBatchResend" name="test_resend_sends_email" time="3.005" /></testsuite></testsuites>