<?xml version="1.0" encoding="utf-8"?><testsuites name="pytest tests"><testsuite name="pytest" errors="0" failures="0" skipped="0" tests="17" time="10.823" timestamp="2026-07-16T00:30:57.305440+00:00" hostname="agent-env-6a00ae6c-5ce0-440e-aef3-ad739a1c4880"><testcase classname="tests.test_backend.TestDashboard" name="test_dashboard" time="0.266" /><testcase classname="tests.test_backend.TestDashboard" name="test_farms" time="0.046" /><testcase classname="tests.test_backend.TestDashboard" name="test_sheds" time="0.044" /><testcase classname="tests.test_backend.TestDashboard" name="test_batches" time="0.046" /><testcase classname="tests.test_backend.TestBreeds" name="test_list_breeds" time="0.042" /><testcase classname="tests.test_backend.TestBreeds" name="test_curve" time="0.044" /><testcase classname="tests.test_backend.TestFarmShedCRUD" name="test_create_farm" time="0.047" /><testcase classname="tests.test_backend.TestFarmShedCRUD" name="test_create_shed" time="0.048" /><testcase classname="tests.test_backend.TestFarmShedCRUD" name="test_update_shed" time="0.085" /><testcase classname="tests.test_backend.TestFarmShedCRUD" name="test_delete_shed" time="0.093" /><testcase classname="tests.test_backend.TestFarmShedCRUD" name="test_delete_farm" time="0.042" /><testcase classname="tests.test_backend.TestBatch" name="test_batch_close_and_create" time="0.175" /><testcase classname="tests.test_backend.TestReadingsAlerts" name="test_ingest_anomalous" time="1.250" /><testcase classname="tests.test_backend.TestReadingsAlerts" name="test_ack_alert" time="0.131" /><testcase classname="tests.test_backend.TestReadingsAlerts" name="test_approve_decision" time="0.132" /><testcase classname="tests.test_backend.TestPolicy" name="test_update_policy" time="0.088" /><testcase classname="tests.test_backend.TestMotherHen" name="test_deep_analysis" time="8.167" /></testsuite></testsuites>