<?xml version="1.0" encoding="utf-8"?><testsuites name="pytest tests"><testsuite name="pytest" errors="0" failures="0" skipped="0" tests="5" time="1.884" timestamp="2026-09-11T00:34:38.863690+00:00" hostname="agent-env-fa4ccdb8-d0fb-4abe-b97f-7b5f8f54e447"><testcase classname="backend.tests.test_silo_toggle" name="test_shed_groups_has_active_and_default_feed_type" time="0.383" /><testcase classname="backend.tests.test_silo_toggle" name="test_patch_active_sets_manual_override" time="0.270" /><testcase classname="backend.tests.test_silo_toggle" name="test_patch_feed_type_can_reset_manual_override" time="0.353" /><testcase classname="backend.tests.test_silo_toggle" name="test_readings_today_includes_silo_meta" time="0.068" /><testcase classname="backend.tests.test_silo_toggle" name="test_batch_reset_resets_manual_override" time="0.612" /></testsuite></testsuites>