<?xml version="1.0" encoding="utf-8"?><testsuites name="pytest tests"><testsuite name="pytest" errors="0" failures="0" skipped="0" tests="6" time="3.854" timestamp="2026-06-24T23:37:08.957886+00:00" hostname="agent-env-fa4ccdb8-d0fb-4abe-b97f-7b5f8f54e447"><testcase classname="backend.tests.test_sync_and_alerts.TestReadingsSyncChain" name="test_post_reading_and_today_returns_saved" time="0.341" /><testcase classname="backend.tests.test_sync_and_alerts.TestReadingsSyncChain" name="test_today_filters_to_today_only" time="0.093" /><testcase classname="backend.tests.test_sync_and_alerts.TestFarmBuddyAlerts" name="test_alerts_shape" time="0.053" /><testcase classname="backend.tests.test_sync_and_alerts.TestFarmBuddyAlerts" name="test_critical_alert_after_3t_reading" time="0.097" /><testcase classname="backend.tests.test_sync_and_alerts.TestFarmBuddyRecommend" name="test_recommend_accepts_new_shed_snapshot_fields" time="3.027" /><testcase classname="backend.tests.test_sync_and_alerts.TestFeedProgramState" name="test_state_round_trip" time="0.125" /></testsuite></testsuites>