<?xml version="1.0" encoding="utf-8"?><testsuites name="pytest tests"><testsuite name="pytest" errors="0" failures="0" skipped="0" tests="17" time="6.814" timestamp="2026-09-03T16:15:05.842833+00:00" hostname="agent-env-fa4ccdb8-d0fb-4abe-b97f-7b5f8f54e447"><testcase classname="tests.test_upgrade_checkout.TestUpgradeCheckout" name="test_requires_auth" time="0.314" /><testcase classname="tests.test_upgrade_checkout.TestUpgradeCheckout" name="test_bad_token_rejected" time="0.093" /><testcase classname="tests.test_upgrade_checkout.TestUpgradeCheckout" name="test_nonexistent_farm" time="0.089" /><testcase classname="tests.test_upgrade_checkout.TestUpgradeCheckout" name="test_creates_real_stripe_session" time="0.648" /><testcase classname="tests.test_upgrade_checkout.TestUpgradeCheckout" name="test_session_has_no_trial_and_correct_amount" time="0.340" /><testcase classname="tests.test_upgrade_checkout.TestUpgradeCheckout" name="test_missing_owner_email_returns_400" time="0.087" /><testcase classname="tests.test_upgrade_checkout.TestUpgradeCheckout" name="test_cross_farm_token_denied" time="0.083" /><testcase classname="tests.test_upgrade_checkout.TestRegressionSmoke" name="test_trial_start_idempotent_no_card" time="3.450" /><testcase classname="tests.test_upgrade_checkout.TestRegressionSmoke" name="test_trial_start_rejects_bad_email" time="0.106" /><testcase classname="tests.test_upgrade_checkout.TestRegressionSmoke" name="test_sponsor_checkout" time="0.451" /><testcase classname="tests.test_upgrade_checkout.TestRegressionSmoke" name="test_checkout_invalid_package" time="0.099" /><testcase classname="tests.test_upgrade_checkout.TestRegressionSmoke" name="test_locked_batches_archive" time="0.089" /><testcase classname="tests.test_upgrade_checkout.TestRegressionSmoke" name="test_qr_anonymous_farm_access" time="0.090" /><testcase classname="tests.test_upgrade_checkout.TestRegressionSmoke" name="test_feed_program_state_via_token" time="0.122" /><testcase classname="tests.test_upgrade_checkout.TestRegressionSmoke" name="test_trial_status" time="0.085" /><testcase classname="tests.test_upgrade_checkout.TestRegressionSmoke" name="test_farm_access_denied_without_token" time="0.103" /><testcase classname="tests.test_provision_upgrade_unit" name="test_upgrade_branch_updates_existing_farm" time="0.438" /></testsuite></testsuites>