<?xml version="1.0" encoding="utf-8"?><testsuites name="pytest tests"><testsuite name="pytest" errors="0" failures="0" skipped="0" tests="9" time="2.618" timestamp="2026-09-08T22:00:36.824611+00:00" hostname="agent-env-fa4ccdb8-d0fb-4abe-b97f-7b5f8f54e447"><testcase classname="backend.tests.test_weighins_integration.TestWeighInsAuth" name="test_post_without_token_returns_401" time="0.337" /><testcase classname="backend.tests.test_weighins_integration.TestWeighInsAuth" name="test_post_wrong_token_returns_401" time="0.185" /><testcase classname="backend.tests.test_weighins_integration.TestWeighInsAuth" name="test_get_without_token_returns_401" time="0.241" /><testcase classname="backend.tests.test_weighins_integration.TestWeighInsUpsert" name="test_post_valid_entry_succeeds" time="0.261" /><testcase classname="backend.tests.test_weighins_integration.TestWeighInsUpsert" name="test_get_returns_entry" time="0.246" /><testcase classname="backend.tests.test_weighins_integration.TestWeighInsUpsert" name="test_reupsert_same_key_overwrites" time="0.366" /><testcase classname="backend.tests.test_weighins_integration.TestWeighInsUpsert" name="test_different_age_creates_separate_entry" time="0.403" /><testcase classname="backend.tests.test_weighins_integration.TestWeighInsValidation" name="test_empty_entries_returns_400" time="0.290" /><testcase classname="backend.tests.test_weighins_integration.TestWeighInsValidation" name="test_zero_weight_skipped" time="0.228" /></testsuite></testsuites>